<?xml version="1.0" encoding="UTF-8"?>
<!-- Generated by org.testng.reporters.JUnitReportReporter -->
<testsuite skipped="0" hostname="User" name="com.qa.test.HomePageTest" tests="4" failures="0" timestamp="06 Jan 2020 02:11:04 GMT" time="88.659" errors="0">
  <testcase name="userSignInWithInvalidUsernameAndPassword" time="16.640" classname="com.qa.test.HomePageTest"/>
  <testcase name="checkSignUpLink" time="22.182" classname="com.qa.test.HomePageTest"/>
  <testcase name="checkIfPrequalified" time="19.449" classname="com.qa.test.HomePageTest"/>
  <testcase name="checkFeedBackAlert" time="30.388" classname="com.qa.test.HomePageTest"/>
</testsuite> <!-- com.qa.test.HomePageTest -->
