<?xml version="1.0" encoding="UTF-8"?>
<!-- Generated by org.testng.reporters.JUnitReportReporter -->
<testsuite skipped="0" hostname="User" name="com.qa.test.SupportCenterTest" tests="4" failures="0" timestamp="08 Jan 2020 20:11:13 GMT" time="91.002" errors="0">
  <testcase name="checkActivateDebitCardLink" time="20.953" classname="com.qa.test.SupportCenterTest"/>
  <testcase name="checkMakeADepositLink" time="25.087" classname="com.qa.test.SupportCenterTest"/>
  <testcase name="checkActivateCreditCardLink" time="23.828" classname="com.qa.test.SupportCenterTest"/>
  <testcase name="checkMakeCreditCardPayment" time="21.134" classname="com.qa.test.SupportCenterTest"/>
</testsuite> <!-- com.qa.test.SupportCenterTest -->
