<?xml version="1.0" encoding="UTF-8"?>
<!-- Generated by org.testng.reporters.JUnitReportReporter -->
<testsuite skipped="0" hostname="User" name="com.qa.test.ThreeSixtyCheckingPageTest" tests="1" failures="0" timestamp="08 Jan 2020 20:41:40 GMT" time="31.091" errors="0">
  <testcase name="OpenThreeSixtyCheckingAccount" time="31.091" classname="com.qa.test.ThreeSixtyCheckingPageTest"/>
</testsuite> <!-- com.qa.test.ThreeSixtyCheckingPageTest -->
